
7-Zip [64] 16.02 : Copyright (c) 1999-2016 Igor Pavlov : 2016-05-21
p7zip Version 16.02 (locale=C,Utf16=off,HugeFiles=on,64 bits,8 CPUs Intel(R) Xeon(R) CPU E5-2630 v4 @ 2.20GHz (406F1),ASM,AES-NI)

Scanning the drive for archives:
1 file, 2006882064 bytes (1914 MiB)

Extracting archive: /var/www/SOFIAR_RETAIL_QPE30.79-75_subsidy-DEFAULT_regulatory-DEFAULT_CFC.xml.zip
--
Path = /var/www/SOFIAR_RETAIL_QPE30.79-75_subsidy-DEFAULT_regulatory-DEFAULT_CFC.xml.zip
Type = zip
Physical Size = 2006882064

Everything is Ok

Files: 15
Size:       3763228396
Compressed: 2006882064

7-Zip [64] 16.02 : Copyright (c) 1999-2016 Igor Pavlov : 2016-05-21
p7zip Version 16.02 (locale=C,Utf16=off,HugeFiles=on,64 bits,8 CPUs Intel(R) Xeon(R) CPU E5-2630 v4 @ 2.20GHz (406F1),ASM,AES-NI)

Scanning the drive for archives:
1 file, 2006882064 bytes (1914 MiB)

Extracting archive: /var/www/SOFIAR_RETAIL_QPE30.79-75_subsidy-DEFAULT_regulatory-DEFAULT_CFC.xml.zip
--
Path = /var/www/SOFIAR_RETAIL_QPE30.79-75_subsidy-DEFAULT_regulatory-DEFAULT_CFC.xml.zip
Type = zip
Physical Size = 2006882064


No files to process
Everything is Ok

Files: 0
Size:       0
Compressed: 2006882064

7-Zip [64] 16.02 : Copyright (c) 1999-2016 Igor Pavlov : 2016-05-21
p7zip Version 16.02 (locale=C,Utf16=off,HugeFiles=on,64 bits,8 CPUs Intel(R) Xeon(R) CPU E5-2630 v4 @ 2.20GHz (406F1),ASM,AES-NI)

Scanning the drive for archives:
1 file, 2006882064 bytes (1914 MiB)

Extracting archive: /var/www/SOFIAR_RETAIL_QPE30.79-75_subsidy-DEFAULT_regulatory-DEFAULT_CFC.xml.zip
--
Path = /var/www/SOFIAR_RETAIL_QPE30.79-75_subsidy-DEFAULT_regulatory-DEFAULT_CFC.xml.zip
Type = zip
Physical Size = 2006882064


No files to process
Everything is Ok

Files: 0
Size:       0
Compressed: 2006882064

7-Zip [64] 16.02 : Copyright (c) 1999-2016 Igor Pavlov : 2016-05-21
p7zip Version 16.02 (locale=C,Utf16=off,HugeFiles=on,64 bits,8 CPUs Intel(R) Xeon(R) CPU E5-2630 v4 @ 2.20GHz (406F1),ASM,AES-NI)

Scanning the drive for archives:
1 file, 2006882064 bytes (1914 MiB)

Extracting archive: /var/www/SOFIAR_RETAIL_QPE30.79-75_subsidy-DEFAULT_regulatory-DEFAULT_CFC.xml.zip
--
Path = /var/www/SOFIAR_RETAIL_QPE30.79-75_subsidy-DEFAULT_regulatory-DEFAULT_CFC.xml.zip
Type = zip
Physical Size = 2006882064


No files to process
Everything is Ok

Files: 0
Size:       0
Compressed: 2006882064

7-Zip [64] 16.02 : Copyright (c) 1999-2016 Igor Pavlov : 2016-05-21
p7zip Version 16.02 (locale=C,Utf16=off,HugeFiles=on,64 bits,8 CPUs Intel(R) Xeon(R) CPU E5-2630 v4 @ 2.20GHz (406F1),ASM,AES-NI)

Scanning the drive for archives:
1 file, 2006882064 bytes (1914 MiB)

Extracting archive: /var/www/SOFIAR_RETAIL_QPE30.79-75_subsidy-DEFAULT_regulatory-DEFAULT_CFC.xml.zip
--
Path = /var/www/SOFIAR_RETAIL_QPE30.79-75_subsidy-DEFAULT_regulatory-DEFAULT_CFC.xml.zip
Type = zip
Physical Size = 2006882064


No files to process
Everything is Ok

Files: 0
Size:       0
Compressed: 2006882064

7-Zip [64] 16.02 : Copyright (c) 1999-2016 Igor Pavlov : 2016-05-21
p7zip Version 16.02 (locale=C,Utf16=off,HugeFiles=on,64 bits,8 CPUs Intel(R) Xeon(R) CPU E5-2630 v4 @ 2.20GHz (406F1),ASM,AES-NI)

Scanning the drive for archives:
1 file, 2006882064 bytes (1914 MiB)

Extracting archive: /var/www/SOFIAR_RETAIL_QPE30.79-75_subsidy-DEFAULT_regulatory-DEFAULT_CFC.xml.zip
--
Path = /var/www/SOFIAR_RETAIL_QPE30.79-75_subsidy-DEFAULT_regulatory-DEFAULT_CFC.xml.zip
Type = zip
Physical Size = 2006882064


No files to process
Everything is Ok

Files: 0
Size:       0
Compressed: 2006882064

7-Zip [64] 16.02 : Copyright (c) 1999-2016 Igor Pavlov : 2016-05-21
p7zip Version 16.02 (locale=C,Utf16=off,HugeFiles=on,64 bits,8 CPUs Intel(R) Xeon(R) CPU E5-2630 v4 @ 2.20GHz (406F1),ASM,AES-NI)

Scanning the drive for archives:
1 file, 2006882064 bytes (1914 MiB)

Extracting archive: /var/www/SOFIAR_RETAIL_QPE30.79-75_subsidy-DEFAULT_regulatory-DEFAULT_CFC.xml.zip
--
Path = /var/www/SOFIAR_RETAIL_QPE30.79-75_subsidy-DEFAULT_regulatory-DEFAULT_CFC.xml.zip
Type = zip
Physical Size = 2006882064


No files to process
Everything is Ok

Files: 0
Size:       0
Compressed: 2006882064

7-Zip [64] 16.02 : Copyright (c) 1999-2016 Igor Pavlov : 2016-05-21
p7zip Version 16.02 (locale=C,Utf16=off,HugeFiles=on,64 bits,8 CPUs Intel(R) Xeon(R) CPU E5-2630 v4 @ 2.20GHz (406F1),ASM,AES-NI)

Scanning the drive for archives:
1 file, 2006882064 bytes (1914 MiB)

Extracting archive: /var/www/SOFIAR_RETAIL_QPE30.79-75_subsidy-DEFAULT_regulatory-DEFAULT_CFC.xml.zip
--
Path = /var/www/SOFIAR_RETAIL_QPE30.79-75_subsidy-DEFAULT_regulatory-DEFAULT_CFC.xml.zip
Type = zip
Physical Size = 2006882064

Everything is Ok

Size:       25165824
Compressed: 2006882064

7-Zip [64] 16.02 : Copyright (c) 1999-2016 Igor Pavlov : 2016-05-21
p7zip Version 16.02 (locale=C,Utf16=off,HugeFiles=on,64 bits,8 CPUs Intel(R) Xeon(R) CPU E5-2630 v4 @ 2.20GHz (406F1),ASM,AES-NI)

Scanning the drive for archives:
1 file, 2006882064 bytes (1914 MiB)

Extracting archive: /var/www/SOFIAR_RETAIL_QPE30.79-75_subsidy-DEFAULT_regulatory-DEFAULT_CFC.xml.zip
--
Path = /var/www/SOFIAR_RETAIL_QPE30.79-75_subsidy-DEFAULT_regulatory-DEFAULT_CFC.xml.zip
Type = zip
Physical Size = 2006882064

Everything is Ok

Size:       67108864
Compressed: 2006882064

7-Zip [64] 16.02 : Copyright (c) 1999-2016 Igor Pavlov : 2016-05-21
p7zip Version 16.02 (locale=C,Utf16=off,HugeFiles=on,64 bits,8 CPUs Intel(R) Xeon(R) CPU E5-2630 v4 @ 2.20GHz (406F1),ASM,AES-NI)

Scanning the drive for archives:
1 file, 2006882064 bytes (1914 MiB)

Extracting archive: /var/www/SOFIAR_RETAIL_QPE30.79-75_subsidy-DEFAULT_regulatory-DEFAULT_CFC.xml.zip
--
Path = /var/www/SOFIAR_RETAIL_QPE30.79-75_subsidy-DEFAULT_regulatory-DEFAULT_CFC.xml.zip
Type = zip
Physical Size = 2006882064


No files to process
Everything is Ok

Files: 0
Size:       0
Compressed: 2006882064

7-Zip [64] 16.02 : Copyright (c) 1999-2016 Igor Pavlov : 2016-05-21
p7zip Version 16.02 (locale=C,Utf16=off,HugeFiles=on,64 bits,8 CPUs Intel(R) Xeon(R) CPU E5-2630 v4 @ 2.20GHz (406F1),ASM,AES-NI)

Scanning the drive for archives:
1 file, 2006882064 bytes (1914 MiB)

Extracting archive: /var/www/SOFIAR_RETAIL_QPE30.79-75_subsidy-DEFAULT_regulatory-DEFAULT_CFC.xml.zip
--
Path = /var/www/SOFIAR_RETAIL_QPE30.79-75_subsidy-DEFAULT_regulatory-DEFAULT_CFC.xml.zip
Type = zip
Physical Size = 2006882064


No files to process
Everything is Ok

Files: 0
Size:       0
Compressed: 2006882064
